<?xml version="1.0" encoding="UTF-8"?>
<testsuite name="com.AraAra.AudioPlayerTest" tests="1" skipped="0" failures="0" errors="0" timestamp="2021-03-13T23:44:03" hostname="DESKTOP-2AVMKS8" time="0.082">
  <properties/>
  <testcase name="play()" classname="com.AraAra.AudioPlayerTest" time="0.082"/>
  <system-out><![CDATA[]]></system-out>
  <system-err><![CDATA[]]></system-err>
</testsuite>
